<?xml version="1.0" encoding="UTF-8" ?>
<testsuite errors="0" failures="0" hostname="gaiawl03.net4.lan" name="healpix.core.base.test.BitManipulationTest" tests="2" time="0.122" timestamp="2009-07-07T14:59:20">
  <properties>
    <property name="java.runtime.name" value="Java(TM) SE Runtime Environment" />
    <property name="sun.boot.library.path" value="/home/ejoliet/tools/jdk1.6.0_14/jre/lib/i386" />
    <property name="java.vm.version" value="14.0-b16" />
    <property name="ant.library.dir" value="/home/ejoliet/svn/DPAC_CU1/software/common/apache-ant-1.7.0//lib" />
    <property name="ant.version" value="Apache Ant version 1.7.0 compiled on December 13 2006" />
    <property name="ant.java.version" value="1.6" />
    <property name="java.vm.vendor" value="Sun Microsystems Inc." />
    <property name="java.vendor.url" value="http://java.sun.com/" />
    <property name="path.separator" value=":" />
    <property name="dist" value="/home/ejoliet/tmp2rm/healpix/dist" />
    <property name="java.vm.name" value="Java HotSpot(TM) Client VM" />
    <property name="file.encoding.pkg" value="sun.io" />
    <property name="classes" value="/home/ejoliet/tmp2rm/healpix/build" />
    <property name="user.country" value="US" />
    <property name="sun.java.launcher" value="SUN_STANDARD" />
    <property name="sun.os.patch.level" value="unknown" />
    <property name="java.vm.specification.name" value="Java Virtual Machine Specification" />
    <property name="user.dir" value="/home/ejoliet/tmp2rm/healpix" />
    <property name="lib" value="/home/ejoliet/tmp2rm/healpix/lib" />
    <property name="author" value="$Author: ejoliet $" />
    <property name="java.runtime.version" value="1.6.0_14-b08" />
    <property name="java.awt.graphicsenv" value="sun.awt.X11GraphicsEnvironment" />
    <property name="basedir" value="/home/ejoliet/tmp2rm/healpix" />
    <property name="java.endorsed.dirs" value="/home/ejoliet/tools/jdk1.6.0_14/jre/lib/endorsed" />
    <property name="os.arch" value="i386" />
    <property name="junit.reports" value="/home/ejoliet/tmp2rm/healpix/reports/junit" />
    <property name="java.io.tmpdir" value="/tmp" />
    <property name="ant.core.lib" value="/home/ejoliet/svn/DPAC_CU1/software/common/apache-ant-1.7.0/lib/ant.jar" />
    <property name="line.separator" value="
" />
    <property name="java.vm.specification.vendor" value="Sun Microsystems Inc." />
    <property name="ant.file.healpix build file" value="/home/ejoliet/tmp2rm/healpix/build.xml" />
    <property name="os.name" value="Linux" />
    <property name="ant.home" value="/home/ejoliet/svn/DPAC_CU1/software/common/apache-ant-1.7.0/" />
    <property name="ant.project.name" value="healpix build file" />
    <property name="sun.jnu.encoding" value="UTF-8" />
    <property name="java.library.path" value="/home/ejoliet/tools/jdk1.6.0_14/jre/lib/i386/client:/home/ejoliet/tools/jdk1.6.0_14/jre/lib/i386:/home/ejoliet/tools/jdk1.6.0_14/jre/../lib/i386:/usr/local/heasoft-6.6.1/i686-pc-linux-gnu-libc2.5/lib:/usr/java/packages/lib/i386:/lib:/usr/lib" />
    <property name="src" value="/home/ejoliet/tmp2rm/healpix/src" />
    <property name="java.specification.name" value="Java Platform API Specification" />
    <property name="java.class.version" value="50.0" />
    <property name="sun.management.compiler" value="HotSpot Client Compiler" />
    <property name="os.version" value="2.6.18-128.1.1.el5" />
    <property name="ant.file" value="/home/ejoliet/tmp2rm/healpix/build.xml" />
    <property name="user.home" value="/home/ejoliet" />
    <property name="user.timezone" value="" />
    <property name="java.awt.printerjob" value="sun.print.PSPrinterJob" />
    <property name="java.specification.version" value="1.6" />
    <property name="logdir" value="logs" />
    <property name="file.encoding" value="UTF-8" />
    <property name="user.name" value="ejoliet" />
    <property name="java.class.path" value="/home/ejoliet/tmp2rm/healpix/build:/home/ejoliet/tmp2rm/healpix/lib/j3dcore.jar:/home/ejoliet/tmp2rm/healpix/lib/j3dutils.jar:/home/ejoliet/tmp2rm/healpix/lib/junit.jar:/home/ejoliet/tmp2rm/healpix/lib/net-ivoa-fits.jar:/home/ejoliet/tmp2rm/healpix/lib/sorcerer.jar:/home/ejoliet/tmp2rm/healpix/lib/vecmath.jar:/home/ejoliet/svn/DPAC_CU1/software/common/lib/junit.jar:/home/ejoliet/tools/castor-1.2/castor-1.2.jar:/home/ejoliet/tools/castor-1.2/castor-1.2-codegen.jar:/home/ejoliet/tools/castor-1.2/castor-1.2-ddlgen.jar:/home/ejoliet/tools/castor-1.2/castor-1.2-jdo.jar:/home/ejoliet/tools/castor-1.2/castor-1.2-xml.jar:/home/ejoliet/tools/castor-1.2/castor-1.2-xml-schema.jar:/home/ejoliet/tools/commons-logging-1.1/commons-logging-1.1.jar:/home/ejoliet/tools/velocity-1.5/velocity-1.5.jar:/home/ejoliet/tools/eclipse3.2/plugins/junit.extensions.jfcunit/jfcunit.jar:/home/ejoliet/tools/eclipse3.2/plugins/jakarta-regexp-1.4.jar:/home/ejoliet/svn/DPAC_CU1/software/common/apache-ant-1.7.0/lib/findbugs-ant.jar:/home/ejoliet/svn/DPAC_CU1/software/common/apache-ant-1.7.0/lib/ant-launcher.jar:/home/ejoliet/svn/DPAC_CU1/software/common/apache-ant-1.7.0/lib/ant.jar:/home/ejoliet/svn/DPAC_CU1/software/common/apache-ant-1.7.0/lib/ant-junit.jar" />
    <property name="docs" value="/home/ejoliet/tmp2rm/healpix/healpixdocs" />
    <property name="java.vm.specification.version" value="1.0" />
    <property name="java.home" value="/home/ejoliet/tools/jdk1.6.0_14/jre" />
    <property name="sun.arch.data.model" value="32" />
    <property name="java.specification.vendor" value="Sun Microsystems Inc." />
    <property name="user.language" value="en" />
    <property name="project-description" value="Java Healpix Library" />
    <property name="java.vm.info" value="mixed mode, sharing" />
    <property name="java.version" value="1.6.0_14" />
    <property name="java.ext.dirs" value="/home/ejoliet/tools/jdk1.6.0_14/jre/lib/ext:/usr/java/packages/lib/ext" />
    <property name="conf" value="/home/ejoliet/tmp2rm/healpix/conf" />
    <property name="sun.boot.class.path" value="/home/ejoliet/tools/jdk1.6.0_14/jre/lib/resources.jar:/home/ejoliet/tools/jdk1.6.0_14/jre/lib/rt.jar:/home/ejoliet/tools/jdk1.6.0_14/jre/lib/sunrsasign.jar:/home/ejoliet/tools/jdk1.6.0_14/jre/lib/jsse.jar:/home/ejoliet/tools/jdk1.6.0_14/jre/lib/jce.jar:/home/ejoliet/tools/jdk1.6.0_14/jre/lib/charsets.jar:/home/ejoliet/tools/jdk1.6.0_14/jre/classes" />
    <property name="java.vendor" value="Sun Microsystems Inc." />
    <property name="file.separator" value="/" />
    <property name="java.vendor.url.bug" value="http://java.sun.com/cgi-bin/bugreport.cgi" />
    <property name="version" value="$Id: build.xml 56839 2008-08-08 07:40:56Z ejoliet $" />
    <property name="sun.cpu.endian" value="little" />
    <property name="sun.io.unicode.encoding" value="UnicodeLittle" />
    <property name="sun.desktop" value="gnome" />
    <property name="sun.cpu.isalist" value="" />
  </properties>
  <testcase classname="healpix.core.base.test.BitManipulationTest" name="testBitManipulation" time="0.0040" />
  <testcase classname="healpix.core.base.test.BitManipulationTest" name="testMODULO" time="0.0040" />
  <system-out><![CDATA[a=8.0 b=5.0 mod=3.0
a=-8.0 b=5.0 mod=2.0
a=-8.0 b=5.0 &=-3.0
a=8.0 b=-5.0 mod=-2.0
a=-8.0 b=-5.0 mod=-3.0
a=1.0 b=4.0 mod=1.0
]]></system-out>
  <system-err><![CDATA[]]></system-err>
</testsuite>
