<?xml version="1.0" encoding="UTF-8" ?>
<testsuite errors="0" failures="0" hostname="gaiawl03.net4.lan" name="healpix.core.test.HealpixTest" tests="32" time="0.177" timestamp="2009-07-07T14:59:34">
  <properties>
    <property name="java.runtime.name" value="Java(TM) SE Runtime Environment" />
    <property name="sun.boot.library.path" value="/home/ejoliet/tools/jdk1.6.0_14/jre/lib/i386" />
    <property name="java.vm.version" value="14.0-b16" />
    <property name="ant.library.dir" value="/home/ejoliet/svn/DPAC_CU1/software/common/apache-ant-1.7.0//lib" />
    <property name="ant.version" value="Apache Ant version 1.7.0 compiled on December 13 2006" />
    <property name="ant.java.version" value="1.6" />
    <property name="java.vm.vendor" value="Sun Microsystems Inc." />
    <property name="java.vendor.url" value="http://java.sun.com/" />
    <property name="path.separator" value=":" />
    <property name="dist" value="/home/ejoliet/tmp2rm/healpix/dist" />
    <property name="java.vm.name" value="Java HotSpot(TM) Client VM" />
    <property name="file.encoding.pkg" value="sun.io" />
    <property name="classes" value="/home/ejoliet/tmp2rm/healpix/build" />
    <property name="user.country" value="US" />
    <property name="sun.java.launcher" value="SUN_STANDARD" />
    <property name="sun.os.patch.level" value="unknown" />
    <property name="java.vm.specification.name" value="Java Virtual Machine Specification" />
    <property name="user.dir" value="/home/ejoliet/tmp2rm/healpix" />
    <property name="lib" value="/home/ejoliet/tmp2rm/healpix/lib" />
    <property name="author" value="$Author: ejoliet $" />
    <property name="java.runtime.version" value="1.6.0_14-b08" />
    <property name="java.awt.graphicsenv" value="sun.awt.X11GraphicsEnvironment" />
    <property name="basedir" value="/home/ejoliet/tmp2rm/healpix" />
    <property name="java.endorsed.dirs" value="/home/ejoliet/tools/jdk1.6.0_14/jre/lib/endorsed" />
    <property name="os.arch" value="i386" />
    <property name="junit.reports" value="/home/ejoliet/tmp2rm/healpix/reports/junit" />
    <property name="java.io.tmpdir" value="/tmp" />
    <property name="ant.core.lib" value="/home/ejoliet/svn/DPAC_CU1/software/common/apache-ant-1.7.0/lib/ant.jar" />
    <property name="line.separator" value="
" />
    <property name="java.vm.specification.vendor" value="Sun Microsystems Inc." />
    <property name="ant.file.healpix build file" value="/home/ejoliet/tmp2rm/healpix/build.xml" />
    <property name="os.name" value="Linux" />
    <property name="ant.home" value="/home/ejoliet/svn/DPAC_CU1/software/common/apache-ant-1.7.0/" />
    <property name="ant.project.name" value="healpix build file" />
    <property name="sun.jnu.encoding" value="UTF-8" />
    <property name="java.library.path" value="/home/ejoliet/tools/jdk1.6.0_14/jre/lib/i386/client:/home/ejoliet/tools/jdk1.6.0_14/jre/lib/i386:/home/ejoliet/tools/jdk1.6.0_14/jre/../lib/i386:/usr/local/heasoft-6.6.1/i686-pc-linux-gnu-libc2.5/lib:/usr/java/packages/lib/i386:/lib:/usr/lib" />
    <property name="src" value="/home/ejoliet/tmp2rm/healpix/src" />
    <property name="java.specification.name" value="Java Platform API Specification" />
    <property name="java.class.version" value="50.0" />
    <property name="sun.management.compiler" value="HotSpot Client Compiler" />
    <property name="os.version" value="2.6.18-128.1.1.el5" />
    <property name="ant.file" value="/home/ejoliet/tmp2rm/healpix/build.xml" />
    <property name="user.home" value="/home/ejoliet" />
    <property name="user.timezone" value="" />
    <property name="java.awt.printerjob" value="sun.print.PSPrinterJob" />
    <property name="java.specification.version" value="1.6" />
    <property name="logdir" value="logs" />
    <property name="file.encoding" value="UTF-8" />
    <property name="user.name" value="ejoliet" />
    <property name="java.class.path" value="/home/ejoliet/tmp2rm/healpix/build:/home/ejoliet/tmp2rm/healpix/lib/j3dcore.jar:/home/ejoliet/tmp2rm/healpix/lib/j3dutils.jar:/home/ejoliet/tmp2rm/healpix/lib/junit.jar:/home/ejoliet/tmp2rm/healpix/lib/net-ivoa-fits.jar:/home/ejoliet/tmp2rm/healpix/lib/sorcerer.jar:/home/ejoliet/tmp2rm/healpix/lib/vecmath.jar:/home/ejoliet/svn/DPAC_CU1/software/common/lib/junit.jar:/home/ejoliet/tools/castor-1.2/castor-1.2.jar:/home/ejoliet/tools/castor-1.2/castor-1.2-codegen.jar:/home/ejoliet/tools/castor-1.2/castor-1.2-ddlgen.jar:/home/ejoliet/tools/castor-1.2/castor-1.2-jdo.jar:/home/ejoliet/tools/castor-1.2/castor-1.2-xml.jar:/home/ejoliet/tools/castor-1.2/castor-1.2-xml-schema.jar:/home/ejoliet/tools/commons-logging-1.1/commons-logging-1.1.jar:/home/ejoliet/tools/velocity-1.5/velocity-1.5.jar:/home/ejoliet/tools/eclipse3.2/plugins/junit.extensions.jfcunit/jfcunit.jar:/home/ejoliet/tools/eclipse3.2/plugins/jakarta-regexp-1.4.jar:/home/ejoliet/svn/DPAC_CU1/software/common/apache-ant-1.7.0/lib/findbugs-ant.jar:/home/ejoliet/svn/DPAC_CU1/software/common/apache-ant-1.7.0/lib/ant-launcher.jar:/home/ejoliet/svn/DPAC_CU1/software/common/apache-ant-1.7.0/lib/ant.jar:/home/ejoliet/svn/DPAC_CU1/software/common/apache-ant-1.7.0/lib/ant-junit.jar" />
    <property name="docs" value="/home/ejoliet/tmp2rm/healpix/healpixdocs" />
    <property name="java.vm.specification.version" value="1.0" />
    <property name="java.home" value="/home/ejoliet/tools/jdk1.6.0_14/jre" />
    <property name="sun.arch.data.model" value="32" />
    <property name="java.specification.vendor" value="Sun Microsystems Inc." />
    <property name="user.language" value="en" />
    <property name="project-description" value="Java Healpix Library" />
    <property name="java.vm.info" value="mixed mode, sharing" />
    <property name="java.version" value="1.6.0_14" />
    <property name="java.ext.dirs" value="/home/ejoliet/tools/jdk1.6.0_14/jre/lib/ext:/usr/java/packages/lib/ext" />
    <property name="conf" value="/home/ejoliet/tmp2rm/healpix/conf" />
    <property name="sun.boot.class.path" value="/home/ejoliet/tools/jdk1.6.0_14/jre/lib/resources.jar:/home/ejoliet/tools/jdk1.6.0_14/jre/lib/rt.jar:/home/ejoliet/tools/jdk1.6.0_14/jre/lib/sunrsasign.jar:/home/ejoliet/tools/jdk1.6.0_14/jre/lib/jsse.jar:/home/ejoliet/tools/jdk1.6.0_14/jre/lib/jce.jar:/home/ejoliet/tools/jdk1.6.0_14/jre/lib/charsets.jar:/home/ejoliet/tools/jdk1.6.0_14/jre/classes" />
    <property name="java.vendor" value="Sun Microsystems Inc." />
    <property name="file.separator" value="/" />
    <property name="java.vendor.url.bug" value="http://java.sun.com/cgi-bin/bugreport.cgi" />
    <property name="version" value="$Id: build.xml 56839 2008-08-08 07:40:56Z ejoliet $" />
    <property name="sun.cpu.endian" value="little" />
    <property name="sun.io.unicode.encoding" value="UnicodeLittle" />
    <property name="sun.desktop" value="gnome" />
    <property name="sun.cpu.isalist" value="" />
  </properties>
  <testcase classname="healpix.core.test.HealpixTest" name="testMODULO" time="0.0050" />
  <testcase classname="healpix.core.test.HealpixTest" name="testAngDist" time="0.019" />
  <testcase classname="healpix.core.test.HealpixTest" name="testSurfaceTriangle" time="0.0010" />
  <testcase classname="healpix.core.test.HealpixTest" name="testNside2Npix" time="0.0020" />
  <testcase classname="healpix.core.test.HealpixTest" name="testNpix2Nside" time="0.0010" />
  <testcase classname="healpix.core.test.HealpixTest" name="testVec2Ang" time="0.0010" />
  <testcase classname="healpix.core.test.HealpixTest" name="testAng2Pix" time="0.0020" />
  <testcase classname="healpix.core.test.HealpixTest" name="testAng2Vect" time="0.0030" />
  <testcase classname="healpix.core.test.HealpixTest" name="testRingNum" time="0.0030" />
  <testcase classname="healpix.core.test.HealpixTest" name="testNest2Ring" time="0.0010" />
  <testcase classname="healpix.core.test.HealpixTest" name="testRing2Nest" time="0.0020" />
  <testcase classname="healpix.core.test.HealpixTest" name="testNext_In_Line_Nest" time="0.0010" />
  <testcase classname="healpix.core.test.HealpixTest" name="testInRingCxx" time="0.0020" />
  <testcase classname="healpix.core.test.HealpixTest" name="testInRing" time="0.0030" />
  <testcase classname="healpix.core.test.HealpixTest" name="testIntrs_Intrv" time="0.0010" />
  <testcase classname="healpix.core.test.HealpixTest" name="testPix2Vect_ring" time="0.0020" />
  <testcase classname="healpix.core.test.HealpixTest" name="testPix2Vect_nest" time="0.0020" />
  <testcase classname="healpix.core.test.HealpixTest" name="testVect2Pix_ring" time="0.0010" />
  <testcase classname="healpix.core.test.HealpixTest" name="testVect2Pix_nest" time="0.0020" />
  <testcase classname="healpix.core.test.HealpixTest" name="testQuery_Strip" time="0.0010" />
  <testcase classname="healpix.core.test.HealpixTest" name="testQuery_Disc" time="0.0040" />
  <testcase classname="healpix.core.test.HealpixTest" name="testQuery_Triangle360Nest" time="0.0020" />
  <testcase classname="healpix.core.test.HealpixTest" name="testQuery_Triangle360Ring" time="0.0010" />
  <testcase classname="healpix.core.test.HealpixTest" name="testQuery_TriangleNotCrossing360Ring" time="0.0010" />
  <testcase classname="healpix.core.test.HealpixTest" name="testQuery_TriangleNotCrossing360Nest" time="0.0020" />
  <testcase classname="healpix.core.test.HealpixTest" name="testQuery_Polygon" time="0.0040" />
  <testcase classname="healpix.core.test.HealpixTest" name="testMaxResolution" time="0.0020" />
  <testcase classname="healpix.core.test.HealpixTest" name="testGetNside" time="0.0010" />
  <testcase classname="healpix.core.test.HealpixTest" name="testKeithCover" time="0.0050" />
  <testcase classname="healpix.core.test.HealpixTest" name="testNeighbours_Nest" time="0.0040" />
  <testcase classname="healpix.core.test.HealpixTest" name="testGetParentAt" time="0.016" />
  <testcase classname="healpix.core.test.HealpixTest" name="testGetChildrenAt" time="0.0010" />
  <system-out><![CDATA[ test MODULO is done
res1 = 1.5707963267948966 res2=1.5707963267948966
 test of AngDist is done
Triangle surface is=0.5 steredians
 test of SurfaceTriangle is done
ns_max=8192  npixmax=805306368
 Theta=0.5 Phi=0.5
 test Vect2Ang is done
 Test ang2pix_ring ___________________
theta=1.4033482475752073 phi=1.5707963267948966
 test Ang2Pix is done
 Start test Ang2Vect----------------
Vector x=6.123233995736766E-17 y=1.0 z=6.123233995736766E-17
 test Ang2Vect is done
Start test RingNum !!!!!!!!!!!!!!!!!!!!
z=0.25 ring number =2
 test RingNum is done
End test RingNum
 test Nest2Ring is done
 start test Ring2Nest !!!!!!!!!!!!!!!!!!!!!!
 test Ring2Nest is done
 ipnest (64,0)=4095
 test next_in_line_nest is done
 Start test InRing !!!!!!!!!!!!!!!!!!!!!!!!!
 test InRing is done
 Start test InRing !!!!!!!!!!!!!!!!!!!!!!!!!
 test InRing is done
 test intrs_intrv !!!!!!!!!!!!!!!!!!!!!!!!!!!
 test intrs_intrv is done
Start test pix2vec_ring !!!!!!!!!!!!!!!!!!!
------------------------------------------
 test pix2vec_ring is done
 Start test pix2vec_nest !!!!!!!!!!!!!!
 test pix2vec_nest is done
-------------------------------------------
Start test Vect2Pix_ring !!!!!!!!!!!!!!!!!!!
------------------------------------------
 test vec2pix_ring is done
Start test Vect2Pix_nest !!!!!!!!!!!!!!!!!!!
------------------------------------------
 test vec2pix_nest is done
 Start test query Strip !!!!!!!!!!!!!!!!
 test query_strip is done
 Start test query_disc !!!!!!!!!!!!!!!!!!!!!
 test query_disc is done
 i=0 pixel=517
 i=1 pixel=186
 i=2 pixel=516
 i=3 pixel=175
 i=4 pixel=184
 i=5 pixel=174
 i=6 pixel=173
Start test Query Triangle
 test query_triangle is done
Start test Query Triangle
Start test Query Triangle
 test query_triangle is done
Start test Query Triangle
 test query_triangle is done
Start test Query Triangle
 test query_triangle is done
Start test query_polygon !!!!!!!!!!!!!!!!!!!!!!
 test query_polygon is done
 Start test MaxRes !!!!!!!!!!!!!!!!!!!!!
Minimum size of the pixel side is 25.76614808863054 arcsec.
 End of MaxRes test _______________________
 Start test GetNside !!!!!!!!!!!!!!!!!!!!!
nside cannot be bigger than 8192
Required nside is 8192
 End of GetNSide test _______________________
[-0.8362095252426265 -0.42413295289264946 -0.8362095252426265 ]
 Start test Neighbours_Nest !!!!!!!!!!!!!!!!!
 test NeighboursNest is done
]]></system-out>
  <system-err><![CDATA[206.88225291963914, -20.4081611687813
-0.8359527792990229 -0.4237775247691822 -0.34870554954394445
orig:theta: 1.927 phi: 3.611  ret:theta: 1.926 phi: 3.611
-0.8359527792990229 -0.4237775247691822 -0.34870554954394445
ip = 172
ip = 174
ip = 516
ip = 517
ip = 528
ip = 186
ip = 184
ip = 173
]]></system-err>
</testsuite>
